INFO-22/08/2024 10:21:18: Running the script to get daily appliances consumption and usage time...
INFO-22/08/2024 10:21:18: Asking HA for history, from:22/08/2024 00:00 to:22/08/2024 23:59, for 4 entities
INFO-22/08/2024 10:21:18: Computing Hourly consumption, Daily consumption and mean use for entity light.luce_camera_davide
INFO-22/08/2024 10:21:18: Computing Hourly consumption, Daily consumption and mean use for entity media_player.test
INFO-22/08/2024 10:21:18: Computing Hourly consumption, Daily consumption and mean use for entity media_player.chromecast_tv
INFO-22/08/2024 10:21:18: Retrieving saved data on appliances usage...
INFO-22/08/2024 10:21:18: Appliances usage data updated successfully!
INFO-22/08/2024 10:21:18: Daily consumption data updated successfully!
INFO-22/08/2024 10:21:18: Hourly consumption data updated successfully!
INFO-22/08/2024 10:21:18: Updating consumption and use data of 3 entities ended, elapsed time:0.178864[s]
INFO-02/09/2024 10:46:10: Running the script to get daily appliances consumption and usage time...
INFO-02/09/2024 10:46:10: Running the script to get daily appliances consumption and usage time...
INFO-02/09/2024 10:46:10: Running the script to get daily appliances consumption and usage time...
INFO-03/09/2024 15:49:28: Running the script to get daily appliances consumption and usage time...
INFO-03/09/2024 15:50:05: Running the script to get daily appliances consumption and usage time...
INFO-03/09/2024 15:50:51: Running the script to get daily appliances consumption and usage time...
INFO-03/09/2024 15:54:39: Running the script to get daily appliances consumption and usage time...
INFO-03/09/2024 15:57:28: Running the script to get daily appliances consumption and usage time...
INFO-03/09/2024 15:59:16: Running the script to get daily appliances consumption and usage time...
INFO-03/09/2024 16:01:35: Running the script to get daily appliances consumption and usage time...
INFO-03/09/2024 16:48:41: Running the script to get daily appliances consumption and usage time...
INFO-03/09/2024 16:49:22: Running the script to get daily appliances consumption and usage time...
INFO-03/09/2024 16:54:15: Running the script to get daily appliances consumption and usage time...
INFO-03/09/2024 17:00:13: Running the script to get daily appliances consumption and usage time...
INFO-03/09/2024 17:11:15: Running the script to get daily appliances consumption and usage time...
INFO-03/09/2024 17:31:56: Running the script to get daily appliances consumption and usage time...
INFO-03/09/2024 17:35:56: Running the script to get daily appliances consumption and usage time...
INFO-03/09/2024 17:36:44: Running the script to get daily appliances consumption and usage time...
INFO-03/09/2024 17:37:03: Appliances usage data updated successfully!
INFO-03/09/2024 17:37:03: Daily consumption data updated successfully!
INFO-03/09/2024 17:37:03: Hourly consumption data updated successfully!
INFO-04/09/2024 10:40:16: Running the script to get daily appliances consumption and usage time...
INFO-04/09/2024 10:42:53: Running the script to get daily appliances consumption and usage time...
INFO-04/09/2024 10:43:02: Running the script to get daily appliances consumption and usage time...
INFO-04/09/2024 10:43:26: Appliances usage data updated successfully!
INFO-04/09/2024 10:43:26: Daily consumption data updated successfully!
INFO-04/09/2024 10:43:26: Hourly consumption data updated successfully!
INFO-04/09/2024 10:43:30: Updating consumption and use data of 5 entities ended, elapsed time:26.619478[s]
INFO-04/09/2024 10:48:07: Running the script to get daily appliances consumption and usage time...
INFO-04/09/2024 10:48:56: Running the script to get daily appliances consumption and usage time...
INFO-04/09/2024 10:50:18: Running the script to get daily appliances consumption and usage time...
INFO-04/09/2024 10:50:31: Running the script to get daily appliances consumption and usage time...
INFO-04/09/2024 10:55:43: Running the script to get daily appliances consumption and usage time...
INFO-04/09/2024 10:56:33: Running the script to get daily appliances consumption and usage time...
ERROR-04/09/2024 10:56:58: Some error occurred while saving appliaces usage data, could't update...
INFO-04/09/2024 10:56:58: Daily consumption data updated successfully!
INFO-04/09/2024 10:56:58: Hourly consumption data updated successfully!
INFO-04/09/2024 10:56:58: Updating consumption and use data of 5 entities ended, elapsed time:25.025472[s]
INFO-04/09/2024 11:02:51: Running the script to get daily appliances consumption and usage time...
INFO-04/09/2024 11:03:11: Appliances usage data updated successfully!
INFO-04/09/2024 11:03:11: Daily consumption data updated successfully!
INFO-04/09/2024 11:03:11: Hourly consumption data updated successfully!
INFO-04/09/2024 11:03:11: Updating consumption and use data of 5 entities ended, elapsed time:20.543383[s]
INFO-04/09/2024 11:03:50: Running the script to get daily appliances consumption and usage time...
INFO-04/09/2024 11:04:11: Appliances usage data updated successfully!
INFO-04/09/2024 11:04:11: Daily consumption data updated successfully!
INFO-04/09/2024 11:04:11: Hourly consumption data updated successfully!
INFO-04/09/2024 11:04:11: Updating consumption and use data of 5 entities ended, elapsed time:20.664798[s]
INFO-04/09/2024 11:28:02: Running the script to get daily appliances consumption and usage time...
INFO-04/09/2024 11:28:16: Appliances usage data updated successfully!
INFO-04/09/2024 11:28:16: Daily consumption data updated successfully!
INFO-04/09/2024 11:28:16: Hourly consumption data updated successfully!
INFO-04/09/2024 11:28:16: Updating consumption and use data of 5 entities ended, elapsed time:13.150542[s]
INFO-04/09/2024 15:31:22: Running the script to get hourly appliances consumption and usage time...
ERROR-04/09/2024 15:31:38: Some error occurred while saving appliaces usage data, could't update...
INFO-04/09/2024 15:31:38: Daily consumption data updated successfully!
INFO-04/09/2024 15:31:38: Hourly consumption data updated successfully!
INFO-04/09/2024 15:31:38: Updating consumption and use data of 5 entities ended, elapsed time:16.296063[s]
